This is pdfTeX, Version 3.14159265-2.6-1.40.20 (TeX Live 2019/Debian) (preloaded format=pdflatex 2021.7.23)  27 JUL 2021 17:07
entering extended mode
 restricted \write18 enabled.
 file:line:error style messages enabled.
 %&-line parsing enabled.
**/home/rita/git/Assign_ER_APSEI_2021_88822/root.tex
(/home/rita/git/Assign_ER_APSEI_2021_88822/root.tex
LaTeX2e <2020-02-02> patch level 2
L3 programming layer <2020-02-14> (/usr/share/texlive/texmf-dist/tex/latex/base/article.cls
Document Class: article 2019/12/20 v1.4l Standard LaTeX document class
(/usr/share/texlive/texmf-dist/tex/latex/base/size10.clo
File: size10.clo 2019/12/20 v1.4l Standard LaTeX file (size option)
)
\c@part=\count167
\c@section=\count168
\c@subsection=\count169
\c@subsubsection=\count170
\c@paragraph=\count171
\c@subparagraph=\count172
\c@figure=\count173
\c@table=\count174
\abovecaptionskip=\skip47
\belowcaptionskip=\skip48
\bibindent=\dimen134
) (/usr/share/texlive/texmf-dist/tex/latex/base/inputenc.sty
Package: inputenc 2018/08/11 v1.3c Input encoding file
\inpenc@prehook=\toks14
\inpenc@posthook=\toks15
) (/usr/share/texlive/texmf-dist/tex/latex/amsmath/amsmath.sty
Package: amsmath 2020/01/20 v2.17e AMS math features
\@mathmargin=\skip49

For additional information on amsmath, use the `?' option.
(/usr/share/texlive/texmf-dist/tex/latex/amsmath/amstext.sty
Package: amstext 2000/06/29 v2.01 AMS text
 (/usr/share/texlive/texmf-dist/tex/latex/amsmath/amsgen.sty
File: amsgen.sty 1999/11/30 v2.0 generic functions
\@emptytoks=\toks16
\ex@=\dimen135
)) (/usr/share/texlive/texmf-dist/tex/latex/amsmath/amsbsy.sty
Package: amsbsy 1999/11/29 v1.2d Bold Symbols
\pmbraise@=\dimen136
) (/usr/share/texlive/texmf-dist/tex/latex/amsmath/amsopn.sty
Package: amsopn 2016/03/08 v2.02 operator names
)
\inf@bad=\count175
LaTeX Info: Redefining \frac on input line 227.
\uproot@=\count176
\leftroot@=\count177
LaTeX Info: Redefining \overline on input line 389.
\classnum@=\count178
\DOTSCASE@=\count179
LaTeX Info: Redefining \ldots on input line 486.
LaTeX Info: Redefining \dots on input line 489.
LaTeX Info: Redefining \cdots on input line 610.
\Mathstrutbox@=\box45
\strutbox@=\box46
\big@size=\dimen137
LaTeX Font Info:    Redeclaring font encoding OML on input line 733.
LaTeX Font Info:    Redeclaring font encoding OMS on input line 734.
\macc@depth=\count180
\c@MaxMatrixCols=\count181
\dotsspace@=\muskip16
\c@parentequation=\count182
\dspbrk@lvl=\count183
\tag@help=\toks17
\row@=\count184
\column@=\count185
\maxfields@=\count186
\andhelp@=\toks18
\eqnshift@=\dimen138
\alignsep@=\dimen139
\tagshift@=\dimen140
\tagwidth@=\dimen141
\totwidth@=\dimen142
\lineht@=\dimen143
\@envbody=\toks19
\multlinegap=\skip50
\multlinetaggap=\skip51
\mathdisplay@stack=\toks20
LaTeX Info: Redefining \[ on input line 2859.
LaTeX Info: Redefining \] on input line 2860.
) (/usr/share/texlive/texmf-dist/tex/latex/graphics/graphicx.sty
Package: graphicx 2019/11/30 v1.2a Enhanced LaTeX Graphics (DPC,SPQR)
 (/usr/share/texlive/texmf-dist/tex/latex/graphics/keyval.sty
Package: keyval 2014/10/28 v1.15 key=value parser (DPC)
\KV@toks@=\toks21
) (/usr/share/texlive/texmf-dist/tex/latex/graphics/graphics.sty
Package: graphics 2019/11/30 v1.4a Standard LaTeX Graphics (DPC,SPQR)
 (/usr/share/texlive/texmf-dist/tex/latex/graphics/trig.sty
Package: trig 2016/01/03 v1.10 sin cos tan (DPC)
) (/usr/share/texlive/texmf-dist/tex/latex/graphics-cfg/graphics.cfg
File: graphics.cfg 2016/06/04 v1.11 sample graphics configuration
)
Package graphics Info: Driver file: pdftex.def on input line 105.
 (/usr/share/texlive/texmf-dist/tex/latex/graphics-def/pdftex.def
File: pdftex.def 2018/01/08 v1.0l Graphics/color driver for pdftex
))
\Gin@req@height=\dimen144
\Gin@req@width=\dimen145
) (/usr/share/texlive/texmf-dist/tex/latex/hyperref/hyperref.sty
Package: hyperref 2020/01/14 v7.00d Hypertext links for LaTeX
 (/usr/share/texlive/texmf-dist/tex/generic/ltxcmds/ltxcmds.sty
Package: ltxcmds 2019/12/15 v1.24 LaTeX kernel commands for general use (HO)
) (/usr/share/texlive/texmf-dist/tex/generic/iftex/iftex.sty
Package: iftex 2019/11/07 v1.0c TeX engine tests
) (/usr/share/texlive/texmf-dist/tex/latex/pdftexcmds/pdftexcmds.sty
Package: pdftexcmds 2019/11/24 v0.31 Utility functions of pdfTeX for LuaTeX (HO)
 (/usr/share/texlive/texmf-dist/tex/generic/infwarerr/infwarerr.sty
Package: infwarerr 2019/12/03 v1.5 Providing info/warning/error messages (HO)
)
Package pdftexcmds Info: \pdf@primitive is available.
Package pdftexcmds Info: \pdf@ifprimitive is available.
Package pdftexcmds Info: \pdfdraftmode found.
) (/usr/share/texlive/texmf-dist/tex/generic/kvsetkeys/kvsetkeys.sty
Package: kvsetkeys 2019/12/15 v1.18 Key value parser (HO)
) (/usr/share/texlive/texmf-dist/tex/generic/kvdefinekeys/kvdefinekeys.sty
Package: kvdefinekeys 2019-12-19 v1.6 Define keys (HO)
) (/usr/share/texlive/texmf-dist/tex/generic/pdfescape/pdfescape.sty
Package: pdfescape 2019/12/09 v1.15 Implements pdfTeX's escape features (HO)
) (/usr/share/texlive/texmf-dist/tex/latex/hycolor/hycolor.sty
Package: hycolor 2020-01-27 v1.10 Color options for hyperref/bookmark (HO)
) (/usr/share/texlive/texmf-dist/tex/latex/letltxmacro/letltxmacro.sty
Package: letltxmacro 2019/12/03 v1.6 Let assignment for LaTeX macros (HO)
) (/usr/share/texlive/texmf-dist/tex/latex/auxhook/auxhook.sty
Package: auxhook 2019-12-17 v1.6 Hooks for auxiliary files (HO)
) (/usr/share/texlive/texmf-dist/tex/latex/kvoptions/kvoptions.sty
Package: kvoptions 2019/11/29 v3.13 Key value format for package options (HO)
)
\@linkdim=\dimen146
\Hy@linkcounter=\count187
\Hy@pagecounter=\count188
 (/usr/share/texlive/texmf-dist/tex/latex/hyperref/pd1enc.def
File: pd1enc.def 2020/01/14 v7.00d Hyperref: PDFDocEncoding definition (HO)
Now handling font encoding PD1 ...
... no UTF-8 mapping file for font encoding PD1
) (/usr/share/texlive/texmf-dist/tex/generic/intcalc/intcalc.sty
Package: intcalc 2019/12/15 v1.3 Expandable calculations with integers (HO)
) (/usr/share/texlive/texmf-dist/tex/generic/etexcmds/etexcmds.sty
Package: etexcmds 2019/12/15 v1.7 Avoid name clashes with e-TeX commands (HO)
)
\Hy@SavedSpaceFactor=\count189
\pdfmajorversion=\count190
Package hyperref Info: Hyper figures OFF on input line 4547.
Package hyperref Info: Link nesting OFF on input line 4552.
Package hyperref Info: Hyper index ON on input line 4555.
Package hyperref Info: Plain pages OFF on input line 4562.
Package hyperref Info: Backreferencing OFF on input line 4567.
Package hyperref Info: Implicit mode ON; LaTeX internals redefined.
Package hyperref Info: Bookmarks ON on input line 4800.
\c@Hy@tempcnt=\count191
 (/usr/share/texlive/texmf-dist/tex/latex/url/url.sty
\Urlmuskip=\muskip17
Package: url 2013/09/16  ver 3.4  Verb mode for urls, etc.
)
LaTeX Info: Redefining \url on input line 5159.
\XeTeXLinkMargin=\dimen147
 (/usr/share/texlive/texmf-dist/tex/generic/bitset/bitset.sty
Package: bitset 2019/12/09 v1.3 Handle bit-vector datatype (HO)
 (/usr/share/texlive/texmf-dist/tex/generic/bigintcalc/bigintcalc.sty
Package: bigintcalc 2019/12/15 v1.5 Expandable calculations on big integers (HO)
))
\Fld@menulength=\count192
\Field@Width=\dimen148
\Fld@charsize=\dimen149
Package hyperref Info: Hyper figures OFF on input line 6430.
Package hyperref Info: Link nesting OFF on input line 6435.
Package hyperref Info: Hyper index ON on input line 6438.
Package hyperref Info: backreferencing OFF on input line 6445.
Package hyperref Info: Link coloring OFF on input line 6450.
Package hyperref Info: Link coloring with OCG OFF on input line 6455.
Package hyperref Info: PDF/A mode OFF on input line 6460.
LaTeX Info: Redefining \ref on input line 6500.
LaTeX Info: Redefining \pageref on input line 6504.
 (/usr/share/texlive/texmf-dist/tex/generic/atbegshi/atbegshi.sty
Package: atbegshi 2019/12/05 v1.19 At begin shipout hook (HO)
)
\Hy@abspage=\count193
\c@Item=\count194
\c@Hfootnote=\count195
)
Package hyperref Info: Driver (autodetected): hpdftex.
 (/usr/share/texlive/texmf-dist/tex/latex/hyperref/hpdftex.def
File: hpdftex.def 2020/01/14 v7.00d Hyperref driver for pdfTeX
 (/usr/share/texlive/texmf-dist/tex/latex/atveryend/atveryend.sty
Package: atveryend 2019-12-11 v1.11 Hooks at the very end of document (HO)
Package atveryend Info: \enddocument detected (standard20110627).
)
\Fld@listcount=\count196
\c@bookmark@seq@number=\count197
 (/usr/share/texlive/texmf-dist/tex/latex/rerunfilecheck/rerunfilecheck.sty
Package: rerunfilecheck 2019/12/05 v1.9 Rerun checks for auxiliary files (HO)
 (/usr/share/texlive/texmf-dist/tex/generic/uniquecounter/uniquecounter.sty
Package: uniquecounter 2019/12/15 v1.4 Provide unlimited unique counter (HO)
)
Package uniquecounter Info: New unique counter `rerunfilecheck' on input line 286.
)
\Hy@SectionHShift=\skip52
) (/usr/share/texlive/texmf-dist/tex/latex/parskip/parskip.sty
Package: parskip 2020-01-22 v2.0d non-zero parskip adjustments
 (/usr/share/texlive/texmf-dist/tex/latex/etoolbox/etoolbox.sty
Package: etoolbox 2019/09/21 v2.5h e-TeX tools for LaTeX (JAW)
\etb@tempcnta=\count198
)) (/usr/share/texlive/texmf-dist/tex/latex/pythonhighlight/pythonhighlight.sty
Package: pythonhighlight 2017/02/09 python code highlighting; provided by Olivier Verdier <olivier.verdier@gmail.com>
 (/usr/share/texlive/texmf-dist/tex/latex/listings/listings.sty
\lst@mode=\count199
\lst@gtempboxa=\box47
\lst@token=\toks22
\lst@length=\count266
\lst@currlwidth=\dimen150
\lst@column=\count267
\lst@pos=\count268
\lst@lostspace=\dimen151
\lst@width=\dimen152
\lst@newlines=\count269
\lst@lineno=\count270
\lst@maxwidth=\dimen153
 (/usr/share/texlive/texmf-dist/tex/latex/listings/lstmisc.sty
File: lstmisc.sty 2019/09/10 1.8c (Carsten Heinz)
\c@lstnumber=\count271
\lst@skipnumbers=\count272
\lst@framebox=\box48
) (/usr/share/texlive/texmf-dist/tex/latex/listings/listings.cfg
File: listings.cfg 2019/09/10 1.8c listings configuration
))
Package: listings 2019/09/10 1.8c (Carsten Heinz)
 (/usr/share/texlive/texmf-dist/tex/latex/xcolor/xcolor.sty
Package: xcolor 2016/05/11 v2.12 LaTeX color extensions (UK)
 (/usr/share/texlive/texmf-dist/tex/latex/graphics-cfg/color.cfg
File: color.cfg 2016/01/02 v1.6 sample color configuration
)
Package xcolor Info: Driver file: pdftex.def on input line 225.
Package xcolor Info: Model `cmy' substituted by `cmy0' on input line 1348.
Package xcolor Info: Model `hsb' substituted by `rgb' on input line 1352.
Package xcolor Info: Model `RGB' extended on input line 1364.
Package xcolor Info: Model `HTML' substituted by `rgb' on input line 1366.
Package xcolor Info: Model `Hsb' substituted by `hsb' on input line 1367.
Package xcolor Info: Model `tHsb' substituted by `hsb' on input line 1368.
Package xcolor Info: Model `HSB' substituted by `hsb' on input line 1369.
Package xcolor Info: Model `Gray' substituted by `gray' on input line 1370.
Package xcolor Info: Model `wave' substituted by `hsb' on input line 1371.
)) (/usr/share/texlive/texmf-dist/tex/latex/tools/tabularx.sty
Package: tabularx 2020/01/15 v2.11c `tabularx' package (DPC)
 (/usr/share/texlive/texmf-dist/tex/latex/tools/array.sty
Package: array 2019/08/31 v2.4l Tabular extension package (FMi)
\col@sep=\dimen154
\ar@mcellbox=\box49
\extrarowheight=\dimen155
\NC@list=\toks23
\extratabsurround=\skip53
\backup@length=\skip54
\ar@cellbox=\box50
)
\TX@col@width=\dimen156
\TX@old@table=\dimen157
\TX@old@col=\dimen158
\TX@target=\dimen159
\TX@delta=\dimen160
\TX@cols=\count273
\TX@ftn=\toks24
) (/usr/share/texlive/texmf-dist/tex/latex/caption/subcaption.sty
Package: subcaption 2020/01/22 v1.3d Sub-captions (AR)
 (/usr/share/texlive/texmf-dist/tex/latex/caption/caption.sty
Package: caption 2020/01/03 v3.4h Customizing captions (AR)
 (/usr/share/texlive/texmf-dist/tex/latex/caption/caption3.sty
Package: caption3 2020/01/03 v1.8h caption3 kernel (AR)
Package caption3 Info: TeX engine: e-TeX on input line 61.
\captionmargin=\dimen161
\captionmargin@=\dimen162
\captionwidth=\dimen163
\caption@tempdima=\dimen164
\caption@indent=\dimen165
\caption@parindent=\dimen166
\caption@hangindent=\dimen167
Package caption Info: Standard document class detected.
)
\c@caption@flags=\count274
\c@continuedfloat=\count275
Package caption Info: hyperref package is loaded.
Package caption Info: listings package is loaded.
)
\c@subfigure=\count276
\c@subtable=\count277
) (/usr/share/texlive/texmf-dist/tex/latex/l3backend/l3backend-pdfmode.def
File: l3backend-pdfmode.def 2020-02-03 L3 backend support: PDF mode
\l__kernel_color_stack_int=\count278
\l__pdf_internal_box=\box51
) (/home/rita/git/Assign_ER_APSEI_2021_88822/root.aux

LaTeX Warning: Label `eq:SEIRIinitialConditions' multiply defined.

)
\openout1 = `root.aux'.

LaTeX Font Info:    Checking defaults for OML/cmm/m/it on input line 18.
LaTeX Font Info:    ... okay on input line 18.
LaTeX Font Info:    Checking defaults for OMS/cmsy/m/n on input line 18.
LaTeX Font Info:    ... okay on input line 18.
LaTeX Font Info:    Checking defaults for OT1/cmr/m/n on input line 18.
LaTeX Font Info:    ... okay on input line 18.
LaTeX Font Info:    Checking defaults for T1/cmr/m/n on input line 18.
LaTeX Font Info:    ... okay on input line 18.
LaTeX Font Info:    Checking defaults for TS1/cmr/m/n on input line 18.
LaTeX Font Info:    ... okay on input line 18.
LaTeX Font Info:    Checking defaults for OMX/cmex/m/n on input line 18.
LaTeX Font Info:    ... okay on input line 18.
LaTeX Font Info:    Checking defaults for U/cmr/m/n on input line 18.
LaTeX Font Info:    ... okay on input line 18.
LaTeX Font Info:    Checking defaults for PD1/pdf/m/n on input line 18.
LaTeX Font Info:    ... okay on input line 18.
 (/usr/share/texlive/texmf-dist/tex/context/base/mkii/supp-pdf.mkii
[Loading MPS to PDF converter (version 2006.09.02).]
\scratchcounter=\count279
\scratchdimen=\dimen168
\scratchbox=\box52
\nofMPsegments=\count280
\nofMParguments=\count281
\everyMPshowfont=\toks25
\MPscratchCnt=\count282
\MPscratchDim=\dimen169
\MPnumerator=\count283
\makeMPintoPDFobject=\count284
\everyMPtoPDFconversion=\toks26
) (/usr/share/texlive/texmf-dist/tex/latex/epstopdf-pkg/epstopdf-base.sty
Package: epstopdf-base 2020-01-24 v2.11 Base part for package epstopdf
Package epstopdf-base Info: Redefining graphics rule for `.eps' on input line 485.
 (/usr/share/texlive/texmf-dist/tex/latex/latexconfig/epstopdf-sys.cfg
File: epstopdf-sys.cfg 2010/07/13 v1.3 Configuration of (r)epstopdf for TeX Live
))
\AtBeginShipoutBox=\box53
Package hyperref Info: Link coloring OFF on input line 18.
 (/usr/share/texlive/texmf-dist/tex/latex/hyperref/nameref.sty
Package: nameref 2019/09/16 v2.46 Cross-referencing by name of section
 (/usr/share/texlive/texmf-dist/tex/latex/refcount/refcount.sty
Package: refcount 2019/12/15 v3.6 Data extraction from label references (HO)
) (/usr/share/texlive/texmf-dist/tex/generic/gettitlestring/gettitlestring.sty
Package: gettitlestring 2019/12/15 v1.6 Cleanup title references (HO)
)
\c@section@level=\count285
)
LaTeX Info: Redefining \ref on input line 18.
LaTeX Info: Redefining \pageref on input line 18.
LaTeX Info: Redefining \nameref on input line 18.
 (/home/rita/git/Assign_ER_APSEI_2021_88822/root.out) (/home/rita/git/Assign_ER_APSEI_2021_88822/root.out)
\@outlinefile=\write3
\openout3 = `root.out'.

\c@lstlisting=\count286
Package caption Info: Begin \AtBeginDocument code.
Package caption Info: End \AtBeginDocument code.
 (/home/rita/git/Assign_ER_APSEI_2021_88822/root.toc)
\tf@toc=\write4
\openout4 = `root.toc'.

 [1

{/var/lib/texmf/fonts/map/pdftex/updmap/pdftex.map}]
<figs/metasearch.png, id=102, 632.3625pt x 578.16pt>
File: figs/metasearch.png Graphic file (type png)
<use figs/metasearch.png>
Package pdftex.def Info: figs/metasearch.png  used on input line 39.
(pdftex.def)             Requested size: 172.5pt x 157.71089pt.
 [2 </home/rita/git/Assign_ER_APSEI_2021_88822/figs/metasearch.png>] [3]
<figs/meta_vs_crawler.png, id=116, 849.1725pt x 540.0175pt>
File: figs/meta_vs_crawler.png Graphic file (type png)
<use figs/meta_vs_crawler.png>
Package pdftex.def Info: figs/meta_vs_crawler.png  used on input line 52.
(pdftex.def)             Requested size: 241.49895pt x 153.57698pt.
 (/home/rita/git/Assign_ER_APSEI_2021_88822/alg_result_score.tex (/usr/share/texlive/texmf-dist/tex/latex/listings/lstlang1.sty
File: lstlang1.sty 2019/09/10 1.8c listings language file
)
LaTeX Font Info:    Font shape `OT1/cmtt/bx/n' in size <8> not available
(Font)              Font shape `OT1/cmtt/m/n' tried instead on input line 2.
) [4 </home/rita/git/Assign_ER_APSEI_2021_88822/figs/meta_vs_crawler.png>] [5]
<figs/SI.png, id=147, 676.5275pt x 244.915pt>
File: figs/SI.png Graphic file (type png)
<use figs/SI.png>
Package pdftex.def Info: figs/SI.png  used on input line 100.
(pdftex.def)             Requested size: 172.5pt x 62.44688pt.
<figs/SI2.png, id=149, 835.12pt x 347.2975pt>
File: figs/SI2.png Graphic file (type png)
<use figs/SI2.png>
Package pdftex.def Info: figs/SI2.png  used on input line 109.
(pdftex.def)             Requested size: 172.5pt x 71.73697pt.
 [6 </home/rita/git/Assign_ER_APSEI_2021_88822/figs/SI.png> </home/rita/git/Assign_ER_APSEI_2021_88822/figs/SI2.png>] [7]
<figs/plts1_SI1.png, id=172, 722.7pt x 361.35pt>
File: figs/plts1_SI1.png Graphic file (type png)
<use figs/plts1_SI1.png>
Package pdftex.def Info: figs/plts1_SI1.png  used on input line 155.
(pdftex.def)             Requested size: 276.00105pt x 137.99812pt.
<figs/plts1_SI2.png, id=173, 722.7pt x 361.35pt>
File: figs/plts1_SI2.png Graphic file (type png)
<use figs/plts1_SI2.png>
Package pdftex.def Info: figs/plts1_SI2.png  used on input line 162.
(pdftex.def)             Requested size: 276.00105pt x 137.99812pt.


Package hyperref Warning: Glyph not defined in PD1 encoding,
(hyperref)                removing `\textcompwordmark' on input line 169.


Package hyperref Warning: Glyph not defined in PD1 encoding,
(hyperref)                removing `\textcompwordmark' on input line 169.


Package hyperref Warning: Glyph not defined in PD1 encoding,
(hyperref)                removing `\textcompwordmark' on input line 169.


Package hyperref Warning: Glyph not defined in PD1 encoding,
(hyperref)                removing `\textcompwordmark' on input line 169.


Package hyperref Warning: Glyph not defined in PD1 encoding,
(hyperref)                removing `\textcompwordmark' on input line 169.


Package hyperref Warning: Glyph not defined in PD1 encoding,
(hyperref)                removing `\textcompwordmark' on input line 169.


Package hyperref Warning: Glyph not defined in PD1 encoding,
(hyperref)                removing `\textcompwordmark' on input line 169.


Package hyperref Warning: Glyph not defined in PD1 encoding,
(hyperref)                removing `\textcompwordmark' on input line 169.


Package hyperref Warning: Glyph not defined in PD1 encoding,
(hyperref)                removing `\textcompwordmark' on input line 169.


Package hyperref Warning: Glyph not defined in PD1 encoding,
(hyperref)                removing `\textcompwordmark' on input line 169.


Package hyperref Warning: Glyph not defined in PD1 encoding,
(hyperref)                removing `\textcompwordmark' on input line 169.


Package hyperref Warning: Glyph not defined in PD1 encoding,
(hyperref)                removing `\textcompwordmark' on input line 169.


Package hyperref Warning: Glyph not defined in PD1 encoding,
(hyperref)                removing `\textcompwordmark' on input line 169.


Package hyperref Warning: Glyph not defined in PD1 encoding,
(hyperref)                removing `\textcompwordmark' on input line 169.


Package hyperref Warning: Glyph not defined in PD1 encoding,
(hyperref)                removing `\textcompwordmark' on input line 169.

[8 </home/rita/git/Assign_ER_APSEI_2021_88822/figs/plts1_SI1.png> </home/rita/git/Assign_ER_APSEI_2021_88822/figs/plts1_SI2.png>]
Overfull \hbox (14.69496pt too wide) in paragraph at lines 185--186
[]\OT1/cmr/m/n/10 The\T1/cmr/m/n/10 ^^W ^^W\OT1/cmr/m/n/10 second\T1/cmr/m/n/10 ^^W ^^W\OT1/cmr/m/n/10 reaction\T1/cmr/m/n/10 ^^W ^^W\OT1/cmr/m/n/10 corresponds\T1/cmr/m/n/10 ^^W ^^W\OT1/cmr/m/n/10 to\T1/cmr/m/n/10 ^^W ^^W\OT1/cmr/m/n/10 the\T1/cmr/m/n/10 ^^W ^^W\OT1/cmr/m/n/10 scenario\T1/cmr/m/n/10 ^^W ^^W\OT1/cmr/m/n/10 where\T1/cmr/m/n/10 ^^W ^^W\OT1/cmr/m/n/10 a \T1/cmr/m/n/10 ^^W^^W\OT1/cmr/m/n/10 person\T1/cmr/m/n/10 ^^W^^W \OT1/cmr/m/n/10 from \T1/cmr/m/n/10 ^^W^^W\OT1/cmr/m/n/10 the \T1/cmr/m/n/10 ^^W^^W\OT1/cmr/m/n/10 Susceptible
 []

<figs/si.png, id=185, 722.7pt x 361.35pt>
File: figs/si.png Graphic file (type png)
<use figs/si.png>
Package pdftex.def Info: figs/si.png  used on input line 192.
(pdftex.def)             Requested size: 276.00105pt x 137.99812pt.
[9 </home/rita/git/Assign_ER_APSEI_2021_88822/figs/si.png>] [10]

Package hyperref Warning: Glyph not defined in PD1 encoding,
(hyperref)                removing `\textcompwordmark' on input line 243.


Package hyperref Warning: Glyph not defined in PD1 encoding,
(hyperref)                removing `\textcompwordmark' on input line 243.


Package hyperref Warning: Glyph not defined in PD1 encoding,
(hyperref)                removing `\textcompwordmark' on input line 243.


Package hyperref Warning: Glyph not defined in PD1 encoding,
(hyperref)                removing `\textcompwordmark' on input line 243.


Package hyperref Warning: Glyph not defined in PD1 encoding,
(hyperref)                removing `\textcompwordmark' on input line 243.


Package hyperref Warning: Glyph not defined in PD1 encoding,
(hyperref)                removing `\textcompwordmark' on input line 243.


Package hyperref Warning: Glyph not defined in PD1 encoding,
(hyperref)                removing `\textcompwordmark' on input line 243.


Package hyperref Warning: Glyph not defined in PD1 encoding,
(hyperref)                removing `\textcompwordmark' on input line 243.


Package hyperref Warning: Glyph not defined in PD1 encoding,
(hyperref)                removing `\textcompwordmark' on input line 243.


Package hyperref Warning: Glyph not defined in PD1 encoding,
(hyperref)                removing `\textcompwordmark' on input line 243.


Package hyperref Warning: Glyph not defined in PD1 encoding,
(hyperref)                removing `\textcompwordmark' on input line 243.


Package hyperref Warning: Glyph not defined in PD1 encoding,
(hyperref)                removing `\textcompwordmark' on input line 243.


Package hyperref Warning: Glyph not defined in PD1 encoding,
(hyperref)                removing `\textcompwordmark' on input line 243.


Package hyperref Warning: Glyph not defined in PD1 encoding,
(hyperref)                removing `\textcompwordmark' on input line 243.


Overfull \hbox (1.1119pt too wide) in paragraph at lines 245--246
[]\OT1/cmr/m/n/10 Optimal\T1/cmr/m/n/10 ^^W ^^W\OT1/cmr/m/n/10 control\T1/cmr/m/n/10 ^^W ^^W\OT1/cmr/m/n/10 is\T1/cmr/m/n/10 ^^W ^^W\OT1/cmr/m/n/10 a\T1/cmr/m/n/10 ^^W ^^W\OT1/cmr/m/n/10 theory\T1/cmr/m/n/10 ^^W ^^W\OT1/cmr/m/n/10 that\T1/cmr/m/n/10 ^^W^^W \OT1/cmr/m/n/10 at-tempts\T1/cmr/m/n/10 ^^W^^W \OT1/cmr/m/n/10 to\T1/cmr/m/n/10 ^^W^^W \OT1/cmr/m/n/10 find\T1/cmr/m/n/10 ^^W^^W \OT1/cmr/m/n/10 a\T1/cmr/m/n/10 ^^W^^W \OT1/cmr/m/n/10 good,\T1/cmr/m/n/10 ^^W^^W \OT1/cmr/m/n/10 usu-ally\T1/cmr/m/n/10 ^^W^^W \OT1/cmr/m/n/10 op-ti-mal,\T1/cmr/m/n/10 ^^W^^W\OT1/cmr/m/n/10 solution\T1/cmr/m/n/10 ^^W^^W
 []

[11]
<figs/plts1_SI_optimal_control_I.png, id=213, 722.7pt x 361.35pt>
File: figs/plts1_SI_optimal_control_I.png Graphic file (type png)
<use figs/plts1_SI_optimal_control_I.png>
Package pdftex.def Info: figs/plts1_SI_optimal_control_I.png  used on input line 265.
(pdftex.def)             Requested size: 276.00105pt x 137.99812pt.
File: figs/plts1_SI_optimal_control_I.png Graphic file (type png)
<use figs/plts1_SI_optimal_control_I.png>
Package pdftex.def Info: figs/plts1_SI_optimal_control_I.png  used on input line 282.
(pdftex.def)             Requested size: 276.00105pt x 137.99812pt.


LaTeX Warning: `h' float specifier changed to `ht'.


Overfull \hbox (30.13956pt too wide) in paragraph at lines 290--291
\T1/cmr/m/n/10 ^^W\OT1/cmr/m/n/10 languages.\T1/cmr/m/n/10 ^^W ^^W\OT1/cmr/m/n/10 The\T1/cmr/m/n/10 ^^W ^^W\OT1/cmr/m/n/10 AMPL\T1/cmr/m/n/10 ^^W ^^W\OT1/cmr/m/n/10 code\T1/cmr/m/n/10 ^^W^^W \OT1/cmr/m/n/10 was\T1/cmr/m/n/10 ^^W ^^W\OT1/cmr/m/n/10 executed\T1/cmr/m/n/10 ^^W ^^W\OT1/cmr/m/n/10 in\T1/cmr/m/n/10 ^^W ^^W\OT1/cmr/m/n/10 the\T1/cmr/m/n/10 ^^W ^^W\OT1/cmr/m/n/10 NEOS\T1/cmr/m/n/10 ^^W \OT1/cmr/m/n/10 (Network-Enabled\T1/cmr/m/n/10 ^^W ^^W\OT1/cmr/m/n/10 Optimization\T1/cmr/m/n/10 ^^W
 []

[12 </home/rita/git/Assign_ER_APSEI_2021_88822/figs/plts1_SI_optimal_control_I.png>]

Package hyperref Warning: Glyph not defined in PD1 encoding,
(hyperref)                removing `\textcompwordmark' on input line 298.


Package hyperref Warning: Glyph not defined in PD1 encoding,
(hyperref)                removing `\textcompwordmark' on input line 298.


Package hyperref Warning: Glyph not defined in PD1 encoding,
(hyperref)                removing `\textcompwordmark' on input line 298.

[13]
<figs/SIR.png, id=235, 1160.335pt x 309.155pt>
File: figs/SIR.png Graphic file (type png)
<use figs/SIR.png>
Package pdftex.def Info: figs/SIR.png  used on input line 322.
(pdftex.def)             Requested size: 241.49895pt x 64.33951pt.
<figs/plts3_SIR2.png, id=237, 722.7pt x 361.35pt>
File: figs/plts3_SIR2.png Graphic file (type png)
<use figs/plts3_SIR2.png>
Package pdftex.def Info: figs/plts3_SIR2.png  used on input line 340.
(pdftex.def)             Requested size: 276.00105pt x 137.99812pt.
 [14 </home/rita/git/Assign_ER_APSEI_2021_88822/figs/SIR.png> </home/rita/git/Assign_ER_APSEI_2021_88822/figs/plts3_SIR2.png>]
<figs/SIRI.png, id=247, 1242.6425pt x 321.2pt>
File: figs/SIRI.png Graphic file (type png)
<use figs/SIRI.png>
Package pdftex.def Info: figs/SIRI.png  used on input line 351.
(pdftex.def)             Requested size: 276.00105pt x 71.34056pt.
<figs/plts4_SIRI2.png, id=249, 722.7pt x 361.35pt>
File: figs/plts4_SIRI2.png Graphic file (type png)
<use figs/plts4_SIRI2.png>
Package pdftex.def Info: figs/plts4_SIRI2.png  used on input line 376.
(pdftex.def)             Requested size: 276.00105pt x 137.99812pt.
 [15 </home/rita/git/Assign_ER_APSEI_2021_88822/figs/SIRI.png> </home/rita/git/Assign_ER_APSEI_2021_88822/figs/plts4_SIRI2.png>]
<figs/SEIRI.png, id=261, 1236.62pt x 230.8625pt>
File: figs/SEIRI.png Graphic file (type png)
<use figs/SEIRI.png>
Package pdftex.def Info: figs/SEIRI.png  used on input line 418.
(pdftex.def)             Requested size: 345.0pt x 64.40855pt.
<figs/plts6_SEIRI2.png, id=263, 722.7pt x 361.35pt>
File: figs/plts6_SEIRI2.png Graphic file (type png)
<use figs/plts6_SEIRI2.png>
Package pdftex.def Info: figs/plts6_SEIRI2.png  used on input line 442.
(pdftex.def)             Requested size: 276.00105pt x 137.99812pt.


LaTeX Warning: `h' float specifier changed to `ht'.

[16 </home/rita/git/Assign_ER_APSEI_2021_88822/figs/SEIRI.png>]
<figs/churn1.png, id=277, 383.4325pt x 401.5pt>
File: figs/churn1.png Graphic file (type png)
<use figs/churn1.png>
Package pdftex.def Info: figs/churn1.png  used on input line 461.
(pdftex.def)             Requested size: 110.39873pt x 115.59882pt.

Underfull \hbox (badness 4378) in paragraph at lines 462--462
[]\OT1/cmr/m/n/9 (a) |SearX\T1/cmr/m/n/9 ^^W^^W \OT1/cmr/m/n/9 gains \T1/cmr/m/n/9 ^^W^^W\OT1/cmr/m/n/9 five \T1/cmr/m/n/9 ^^W^^W\OT1/cmr/m/n/9 hundred\T1/cmr/m/n/9 ^^W^^W
 []


Underfull \hbox (badness 2173) in paragraph at lines 462--462
\T1/cmr/m/n/9 ^^W\OT1/cmr/m/n/9 in\T1/cmr/m/n/9 ^^W ^^W\OT1/cmr/m/n/9 the\T1/cmr/m/n/9 ^^W ^^W\OT1/cmr/m/n/9 first\T1/cmr/m/n/9 ^^W^^W \OT1/cmr/m/n/9 month\T1/cmr/m/n/9 ^^W ^^W\OT1/cmr/m/n/9 the\T1/cmr/m/n/9 ^^W ^^W\OT1/cmr/m/n/9 engine\T1/cmr/m/n/9 ^^W
 []


Underfull \hbox (badness 3323) in paragraph at lines 462--462
\OT1/cmr/m/n/9 no\T1/cmr/m/n/9 ^^W^^W \OT1/cmr/m/n/9 users\T1/cmr/m/n/9 ^^W^^W \OT1/cmr/m/n/9 at\T1/cmr/m/n/9 ^^W^^W \OT1/cmr/m/n/9 the\T1/cmr/m/n/9 ^^W^^W \OT1/cmr/m/n/9 be-gin-ning\T1/cmr/m/n/9 ^^W^^W \OT1/cmr/m/n/9 of\T1/cmr/m/n/9 ^^W^^W
 []

<figs/churn2.png, id=278, 397.485pt x 393.47pt>
File: figs/churn2.png Graphic file (type png)
<use figs/churn2.png>
Package pdftex.def Info: figs/churn2.png  used on input line 467.
(pdftex.def)             Requested size: 110.39873pt x 109.28227pt.
[17 </home/rita/git/Assign_ER_APSEI_2021_88822/figs/plts6_SEIRI2.png>] [18 </home/rita/git/Assign_ER_APSEI_2021_88822/figs/churn1.png> </home/rita/git/Assign_ER_APSEI_2021_88822/figs/churn2.png>]
Overfull \hbox (5.58398pt too wide) in paragraph at lines 501--502
\OT1/cmr/m/n/10 rate\T1/cmr/m/n/10 ^^W^^W \OT1/cmr/m/n/10 should\T1/cmr/m/n/10 ^^W^^W \OT1/cmr/m/n/10 not\T1/cmr/m/n/10 ^^W^^W \OT1/cmr/m/n/10 be\T1/cmr/m/n/10 ^^W^^W \OT1/cmr/m/n/10 taken\T1/cmr/m/n/10 ^^W ^^W\OT1/cmr/m/n/10 with\T1/cmr/m/n/10 ^^W ^^W\OT1/cmr/m/n/10 a\T1/cmr/m/n/10 ^^W ^^W\OT1/cmr/m/n/10 dogmatic\T1/cmr/m/n/10 ^^W ^^W\OT1/cmr/m/n/10 mindset.\T1/cmr/m/n/10 ^^W ^^W\OT1/cmr/m/n/10 Instead,\T1/cmr/m/n/10 ^^W ^^W\OT1/cmr/m/n/10 the\T1/cmr/m/n/10 ^^W ^^W\OT1/cmr/m/n/10 following\T1/cmr/m/n/10 ^^W ^^W\OT1/cmr/m/n/10 questions\T1/cmr/m/n/10 ^^W
 []


Overfull \hbox (4.60873pt too wide) detected at line 517
[][] \OT1/cmr/m/n/10 = []
 []

[19]
Overfull \hbox (0.3618pt too wide) in paragraph at lines 521--522
\OT1/cmr/m/n/10 to-tal\T1/cmr/m/n/10 ^^W^^W \OT1/cmr/m/n/10 amount\T1/cmr/m/n/10 ^^W^^W \OT1/cmr/m/n/10 of\T1/cmr/m/n/10 ^^W^^W \OT1/cmr/m/n/10 rev-enue\T1/cmr/m/n/10 ^^W ^^W\OT1/cmr/m/n/10 earned\T1/cmr/m/n/10 ^^W ^^W\OT1/cmr/m/n/10 from\T1/cmr/m/n/10 ^^W ^^W\OT1/cmr/m/n/10 plan\T1/cmr/m/n/10 ^^W ^^W\OT1/cmr/m/n/10 upgrades,\T1/cmr/m/n/10 ^^W ^^W\OT1/cmr/m/n/10 expansions\T1/cmr/m/n/10 ^^W ^^W\OT1/cmr/m/n/10 and\T1/cmr/m/n/10 ^^W ^^W\OT1/cmr/m/n/10 reactivations\T1/cmr/m/n/10 ^^W
 []

Package atveryend Info: Empty hook `BeforeClearDocument' on input line 535.
[20]
Package atveryend Info: Empty hook `AfterLastShipout' on input line 535.
 (/home/rita/git/Assign_ER_APSEI_2021_88822/root.aux)
Package atveryend Info: Executing hook `AtVeryEndDocument' on input line 535.
Package atveryend Info: Executing hook `AtEndAfterFileList' on input line 535.
Package rerunfilecheck Info: File `root.out' has not changed.
(rerunfilecheck)             Checksum: 7C1B3D3A7A7AED460E4E8FF612D71F03;1156.


LaTeX Warning: There were multiply-defined labels.

Package atveryend Info: Empty hook `AtVeryVeryEnd' on input line 535.
 ) 
Here is how much of TeX's memory you used:
 10102 strings out of 481239
 148952 string characters out of 5920377
 635043 words of memory out of 5000000
 25122 multiletter control sequences out of 15000+600000
 542803 words of font info for 53 fonts, out of 8000000 for 9000
 1141 hyphenation exceptions out of 8191
 48i,8n,50p,2055b,1622s stack positions out of 5000i,500n,10000p,200000b,80000s
{/usr/share/texmf/fonts/enc/dvips/cm-super/cm-super-t1.enc}{/usr/share/texmf/fonts/enc/dvips/cm-super/cm-super-ts1.enc}</usr/share/texlive/texmf-dist/fonts/type1/public/amsfonts/cm/cmbx10.pfb></usr/share/texlive/texmf-dist/fonts/type1/public/amsfonts/cm/cmbx12.pfb></usr/share/texlive/texmf-dist/fonts/type1/public/amsfonts/cm/cmex10.pfb></usr/share/texlive/texmf-dist/fonts/type1/public/amsfonts/cm/cmmi10.pfb></usr/share/texlive/texmf-dist/fonts/type1/public/amsfonts/cm/cmmi5.pfb></usr/share/texlive/texmf-dist/fonts/type1/public/amsfonts/cm/cmmi7.pfb></usr/share/texlive/texmf-dist/fonts/type1/public/amsfonts/cm/cmr10.pfb></usr/share/texlive/texmf-dist/fonts/type1/public/amsfonts/cm/cmr12.pfb></usr/share/texlive/texmf-dist/fonts/type1/public/amsfonts/cm/cmr17.pfb></usr/share/texlive/texmf-dist/fonts/type1/public/amsfonts/cm/cmr7.pfb></usr/share/texlive/texmf-dist/fonts/type1/public/amsfonts/cm/cmr9.pfb></usr/share/texlive/texmf-dist/fonts/type1/public/amsfonts/cm/cmsy10.pfb></usr/share/texlive/texmf-dist/fonts/type1/public/amsfonts/cm/cmti10.pfb></usr/share/texlive/texmf-dist/fonts/type1/public/amsfonts/cm/cmtt8.pfb></usr/share/texmf/fonts/type1/public/cm-super/sfbx1000.pfb></usr/share/texmf/fonts/type1/public/cm-super/sfbx1200.pfb></usr/share/texmf/fonts/type1/public/cm-super/sfrm0900.pfb></usr/share/texmf/fonts/type1/public/cm-super/sfrm1000.pfb></usr/share/texmf/fonts/type1/public/cm-super/sfti1000.pfb>
Output written on /home/rita/git/Assign_ER_APSEI_2021_88822/root.pdf (20 pages, 1270341 bytes).
PDF statistics:
 396 PDF objects out of 1000 (max. 8388607)
 319 compressed objects within 4 object streams
 93 named destinations out of 1000 (max. 500000)
 217 words of extra memory for PDF output out of 10000 (max. 10000000)

